# JRE version: OpenJDK Runtime Environment (21.0.2+13) (build 21.0.2+13-58)
# Java VM: OpenJDK 64-Bit Server VM (21.0.2+13-58, mixed mode, sharing, tiered, compressed oops, compressed class ptrs, g1 gc, windows-amd64)
GC Precious Log:
 CardTable entry size: 512
 Card Set container configuration: InlinePtr #cards 5 size 8 Array Of Cards #cards 12 size 40 Howl #buckets 4 coarsen threshold 1843 Howl Bitmap #cards 512 size 80 coarsen threshold 460 Card regions per heap region 1 cards per card region 2048
 CPUs: 8 total, 8 available
 Memory: 8006M
 Large Page Support: Disabled
 NUMA Support: Disabled
 Compressed Oops: Enabled (32-bit)
 Heap Region Size: 1M
 Heap Min Capacity: 256M
 Heap Initial Capacity: 256M
 Heap Max Capacity: 512M
 Pre-touch: Disabled
 Parallel Workers: 8
 Concurrent Workers: 2
 Concurrent Refinement Workers: 8
 Periodic GC: Disabled
Heap:
 garbage-first heap   total 262144K, used 169756K [0x00000000e0000000, 0x0000000100000000)
  region size 1024K, 146 young (149504K), 19 survivors (19456K)
 Metaspace       used 57330K, committed 59264K, reserved 393216K
  class space    used 8234K, committed 9216K, reserved 327680K
GC Heap History (16 events):
Event: 1.902 GC heap before
{Heap before GC invocations=0 (full 0):
 garbage-first heap   total 262144K, used 26624K [0x00000000e0000000, 0x0000000100000000)
  region size 1024K, 23 young (23552K), 0 survivors (0K)
 Metaspace       used 3096K, committed 3264K, reserved 393216K
  class space    used 388K, committed 448K, reserved 327680K
}
Event: 1.909 GC heap after
{Heap after GC invocations=1 (full 0):
 garbage-first heap   total 262144K, used 10293K [0x00000000e0000000, 0x0000000100000000)
  region size 1024K, 3 young (3072K), 3 survivors (3072K)
 Metaspace       used 3096K, committed 3264K, reserved 393216K
  class space    used 388K, committed 448K, reserved 327680K
}
Event: 3.572 GC heap before
{Heap before GC invocations=1 (full 0):
 garbage-first heap   total 262144K, used 38965K [0x00000000e0000000, 0x0000000100000000)
  region size 1024K, 31 young (31744K), 3 survivors (3072K)
 Metaspace       used 4175K, committed 4416K, reserved 393216K
  class space    used 502K, committed 640K, reserved 327680K
}
Event: 3.577 GC heap after
{Heap after GC invocations=2 (full 0):
 garbage-first heap   total 262144K, used 11357K [0x00000000e0000000, 0x0000000100000000)
  region size 1024K, 1 young (1024K), 1 survivors (1024K)
 Metaspace       used 4175K, committed 4416K, reserved 393216K
  class space    used 502K, committed 640K, reserved 327680K
}
Event: 15.591 GC heap before
{Heap before GC invocations=2 (full 0):
 garbage-first heap   total 262144K, used 119901K [0x00000000e0000000, 0x0000000100000000)
  region size 1024K, 107 young (109568K), 1 survivors (1024K)
 Metaspace       used 20753K, committed 21440K, reserved 393216K
  class space    used 3000K, committed 3328K, reserved 327680K
}
Event: 15.609 GC heap after
{Heap after GC invocations=3 (full 0):
 garbage-first heap   total 262144K, used 22946K [0x00000000e0000000, 0x0000000100000000)
  region size 1024K, 13 young (13312K), 13 survivors (13312K)
 Metaspace       used 20753K, committed 21440K, reserved 393216K
  class space    used 3000K, committed 3328K, reserved 327680K
}
Event: 15.640 GC heap before
{Heap before GC invocations=3 (full 0):
 garbage-first heap   total 262144K, used 23970K [0x00000000e0000000, 0x0000000100000000)
  region size 1024K, 15 young (15360K), 13 survivors (13312K)
 Metaspace       used 20855K, committed 21504K, reserved 393216K
  class space    used 3018K, committed 3328K, reserved 327680K
}
Event: 15.659 GC heap after
{Heap after GC invocations=4 (full 0):
 garbage-first heap   total 262144K, used 24371K [0x00000000e0000000, 0x0000000100000000)
  region size 1024K, 2 young (2048K), 2 survivors (2048K)
 Metaspace       used 20855K, committed 21504K, reserved 393216K
  class space    used 3018K, committed 3328K, reserved 327680K
}
Event: 24.511 GC heap before
{Heap before GC invocations=5 (full 0):
 garbage-first heap   total 262144K, used 108339K [0x00000000e0000000, 0x0000000100000000)
  region size 1024K, 86 young (88064K), 2 survivors (2048K)
 Metaspace       used 34789K, committed 35968K, reserved 393216K
  class space    used 5029K, committed 5632K, reserved 327680K
}
Event: 24.525 GC heap after
{Heap after GC invocations=6 (full 0):
 garbage-first heap   total 262144K, used 29232K [0x00000000e0000000, 0x0000000100000000)
  region size 1024K, 7 young (7168K), 7 survivors (7168K)
 Metaspace       used 34789K, committed 35968K, reserved 393216K
  class space    used 5029K, committed 5632K, reserved 327680K
}
Event: 24.896 GC heap before
{Heap before GC invocations=6 (full 0):
 garbage-first heap   total 262144K, used 32304K [0x00000000e0000000, 0x0000000100000000)
  region size 1024K, 11 young (11264K), 7 survivors (7168K)
 Metaspace       used 35059K, committed 36288K, reserved 393216K
  class space    used 5048K, committed 5696K, reserved 327680K
}
Event: 24.912 GC heap after
{Heap after GC invocations=7 (full 0):
 garbage-first heap   total 262144K, used 29833K [0x00000000e0000000, 0x0000000100000000)
  region size 1024K, 7 young (7168K), 7 survivors (7168K)
 Metaspace       used 35059K, committed 36288K, reserved 393216K
  class space    used 5048K, committed 5696K, reserved 327680K
}
Event: 26.082 GC heap before
{Heap before GC invocations=7 (full 0):
 garbage-first heap   total 262144K, used 52361K [0x00000000e0000000, 0x0000000100000000)
  region size 1024K, 30 young (30720K), 7 survivors (7168K)
 Metaspace       used 35412K, committed 36608K, reserved 393216K
  class space    used 5086K, committed 5696K, reserved 327680K
}
Event: 26.091 GC heap after
{Heap after GC invocations=8 (full 0):
 garbage-first heap   total 262144K, used 31309K [0x00000000e0000000, 0x0000000100000000)
  region size 1024K, 9 young (9216K), 9 survivors (9216K)
 Metaspace       used 35412K, committed 36608K, reserved 393216K
  class space    used 5086K, committed 5696K, reserved 327680K
}
Event: 34.152 GC heap before
{Heap before GC invocations=9 (full 0):
 garbage-first heap   total 262144K, used 184909K [0x00000000e0000000, 0x0000000100000000)
  region size 1024K, 153 young (156672K), 9 survivors (9216K)
 Metaspace       used 51385K, committed 53120K, reserved 393216K
  class space    used 7472K, committed 8320K, reserved 327680K
}
Event: 34.172 GC heap after
{Heap after GC invocations=10 (full 0):
 garbage-first heap   total 262144K, used 41756K [0x00000000e0000000, 0x0000000100000000)
  region size 1024K, 19 young (19456K), 19 survivors (19456K)
 Metaspace       used 51385K, committed 53120K, reserved 393216K
  class space    used 7472K, committed 8320K, reserved 327680K
}

