# JRE version: OpenJDK Runtime Environment (21.0.2+13) (build 21.0.2+13-58)
# Java VM: OpenJDK 64-Bit Server VM (21.0.2+13-58, mixed mode, sharing, tiered, compressed oops, compressed class ptrs, g1 gc, windows-amd64)
GC Precious Log:
 CardTable entry size: 512
 Card Set container configuration: InlinePtr #cards 5 size 8 Array Of Cards #cards 12 size 40 Howl #buckets 4 coarsen threshold 1843 Howl Bitmap #cards 512 size 80 coarsen threshold 460 Card regions per heap region 1 cards per card region 2048
 CPUs: 8 total, 8 available
 Memory: 8006M
 Large Page Support: Disabled
 NUMA Support: Disabled
 Compressed Oops: Enabled (32-bit)
 Heap Region Size: 1M
 Heap Min Capacity: 256M
 Heap Initial Capacity: 256M
 Heap Max Capacity: 512M
 Pre-touch: Disabled
 Parallel Workers: 8
 Concurrent Workers: 2
 Concurrent Refinement Workers: 8
 Periodic GC: Disabled
Heap:
 garbage-first heap   total 262144K, used 101201K [0x00000000e0000000, 0x0000000100000000)
  region size 1024K, 49 young (50176K), 11 survivors (11264K)
 Metaspace       used 62522K, committed 64576K, reserved 393216K
  class space    used 8692K, committed 9728K, reserved 327680K
GC Heap History (20 events):
Event: 10.191 GC heap before
{Heap before GC invocations=2 (full 0):
 garbage-first heap   total 262144K, used 118204K [0x00000000e0000000, 0x0000000100000000)
  region size 1024K, 106 young (108544K), 1 survivors (1024K)
 Metaspace       used 20877K, committed 21504K, reserved 393216K
  class space    used 3020K, committed 3328K, reserved 327680K
}
Event: 10.213 GC heap after
{Heap after GC invocations=3 (full 0):
 garbage-first heap   total 262144K, used 23634K [0x00000000e0000000, 0x0000000100000000)
  region size 1024K, 13 young (13312K), 13 survivors (13312K)
 Metaspace       used 20877K, committed 21504K, reserved 393216K
  class space    used 3020K, committed 3328K, reserved 327680K
}
Event: 12.853 GC heap before
{Heap before GC invocations=4 (full 0):
 garbage-first heap   total 262144K, used 107602K [0x00000000e0000000, 0x0000000100000000)
  region size 1024K, 97 young (99328K), 13 survivors (13312K)
 Metaspace       used 34733K, committed 35968K, reserved 393216K
  class space    used 5027K, committed 5632K, reserved 327680K
}
Event: 12.867 GC heap after
{Heap after GC invocations=5 (full 0):
 garbage-first heap   total 262144K, used 29869K [0x00000000e0000000, 0x0000000100000000)
  region size 1024K, 7 young (7168K), 7 survivors (7168K)
 Metaspace       used 34733K, committed 35968K, reserved 393216K
  class space    used 5027K, committed 5632K, reserved 327680K
}
Event: 12.981 GC heap before
{Heap before GC invocations=5 (full 0):
 garbage-first heap   total 262144K, used 33965K [0x00000000e0000000, 0x0000000100000000)
  region size 1024K, 12 young (12288K), 7 survivors (7168K)
 Metaspace       used 35059K, committed 36288K, reserved 393216K
  class space    used 5057K, committed 5696K, reserved 327680K
}
Event: 12.987 GC heap after
{Heap after GC invocations=6 (full 0):
 garbage-first heap   total 262144K, used 30970K [0x00000000e0000000, 0x0000000100000000)
  region size 1024K, 7 young (7168K), 7 survivors (7168K)
 Metaspace       used 35059K, committed 36288K, reserved 393216K
  class space    used 5057K, committed 5696K, reserved 327680K
}
Event: 13.248 GC heap before
{Heap before GC invocations=6 (full 0):
 garbage-first heap   total 262144K, used 53498K [0x00000000e0000000, 0x0000000100000000)
  region size 1024K, 30 young (30720K), 7 survivors (7168K)
 Metaspace       used 35419K, committed 36608K, reserved 393216K
  class space    used 5093K, committed 5696K, reserved 327680K
}
Event: 13.256 GC heap after
{Heap after GC invocations=7 (full 0):
 garbage-first heap   total 262144K, used 32689K [0x00000000e0000000, 0x0000000100000000)
  region size 1024K, 9 young (9216K), 9 survivors (9216K)
 Metaspace       used 35419K, committed 36608K, reserved 393216K
  class space    used 5093K, committed 5696K, reserved 327680K
}
Event: 17.076 GC heap before
{Heap before GC invocations=8 (full 0):
 garbage-first heap   total 262144K, used 186289K [0x00000000e0000000, 0x0000000100000000)
  region size 1024K, 153 young (156672K), 9 survivors (9216K)
 Metaspace       used 51618K, committed 53440K, reserved 393216K
  class space    used 7528K, committed 8448K, reserved 327680K
}
Event: 17.096 GC heap after
{Heap after GC invocations=9 (full 0):
 garbage-first heap   total 262144K, used 43136K [0x00000000e0000000, 0x0000000100000000)
  region size 1024K, 19 young (19456K), 19 survivors (19456K)
 Metaspace       used 51618K, committed 53440K, reserved 393216K
  class space    used 7528K, committed 8448K, reserved 327680K
}
Event: 20.203 GC heap before
{Heap before GC invocations=9 (full 0):
 garbage-first heap   total 262144K, used 179328K [0x00000000e0000000, 0x0000000100000000)
  region size 1024K, 153 young (156672K), 19 survivors (19456K)
 Metaspace       used 57572K, committed 59520K, reserved 393216K
  class space    used 8269K, committed 9216K, reserved 327680K
}
Event: 20.236 GC heap after
{Heap after GC invocations=10 (full 0):
 garbage-first heap   total 262144K, used 53248K [0x00000000e0000000, 0x0000000100000000)
  region size 1024K, 20 young (20480K), 20 survivors (20480K)
 Metaspace       used 57572K, committed 59520K, reserved 393216K
  class space    used 8269K, committed 9216K, reserved 327680K
}
Event: 21.351 GC heap before
{Heap before GC invocations=10 (full 0):
 garbage-first heap   total 262144K, used 105472K [0x00000000e0000000, 0x0000000100000000)
  region size 1024K, 72 young (73728K), 20 survivors (20480K)
 Metaspace       used 59075K, committed 61120K, reserved 393216K
  class space    used 8489K, committed 9536K, reserved 327680K
}
Event: 21.424 GC heap after
{Heap after GC invocations=11 (full 0):
 garbage-first heap   total 262144K, used 56288K [0x00000000e0000000, 0x0000000100000000)
  region size 1024K, 3 young (3072K), 3 survivors (3072K)
 Metaspace       used 59075K, committed 61120K, reserved 393216K
  class space    used 8489K, committed 9536K, reserved 327680K
}
Event: 616.304 GC heap before
{Heap before GC invocations=12 (full 0):
 garbage-first heap   total 262144K, used 208864K [0x00000000e0000000, 0x0000000100000000)
  region size 1024K, 153 young (156672K), 3 survivors (3072K)
 Metaspace       used 61225K, committed 63296K, reserved 393216K
  class space    used 8669K, committed 9728K, reserved 327680K
}
Event: 616.367 GC heap after
{Heap after GC invocations=13 (full 0):
 garbage-first heap   total 262144K, used 58022K [0x00000000e0000000, 0x0000000100000000)
  region size 1024K, 5 young (5120K), 5 survivors (5120K)
 Metaspace       used 61225K, committed 63296K, reserved 393216K
  class space    used 8669K, committed 9728K, reserved 327680K
}
Event: 644.898 GC heap before
{Heap before GC invocations=13 (full 0):
 garbage-first heap   total 262144K, used 208550K [0x00000000e0000000, 0x0000000100000000)
  region size 1024K, 153 young (156672K), 5 survivors (5120K)
 Metaspace       used 62010K, committed 64064K, reserved 393216K
  class space    used 8686K, committed 9728K, reserved 327680K
}
Event: 644.952 GC heap after
{Heap after GC invocations=14 (full 0):
 garbage-first heap   total 262144K, used 59053K [0x00000000e0000000, 0x0000000100000000)
  region size 1024K, 7 young (7168K), 7 survivors (7168K)
 Metaspace       used 62010K, committed 64064K, reserved 393216K
  class space    used 8686K, committed 9728K, reserved 327680K
}
Event: 713.790 GC heap before
{Heap before GC invocations=14 (full 0):
 garbage-first heap   total 262144K, used 207533K [0x00000000e0000000, 0x0000000100000000)
  region size 1024K, 153 young (156672K), 7 survivors (7168K)
 Metaspace       used 62479K, committed 64576K, reserved 393216K
  class space    used 8691K, committed 9728K, reserved 327680K
}
Event: 713.833 GC heap after
{Heap after GC invocations=15 (full 0):
 garbage-first heap   total 262144K, used 63313K [0x00000000e0000000, 0x0000000100000000)
  region size 1024K, 11 young (11264K), 11 survivors (11264K)
 Metaspace       used 62479K, committed 64576K, reserved 393216K
  class space    used 8691K, committed 9728K, reserved 327680K
}

